<?xml version="1.0" encoding="UTF-8"?>
<!-- Generated by org.testng.reporters.JUnitReportReporter -->
<testsuite hostname="Xuyens-MacBook-Air.local" failures="0" tests="1" name="com.ftelscm.invimport.FtelSCM_Create_Inv_Import" time="3.731" errors="0" timestamp="05 Jul 2023 08:30:03 GMT" skipped="0">
  <testcase classname="com.ftelscm.invimport.FtelSCM_Create_Inv_Import" name="Create_InvImport" time="3.731"/>
</testsuite> <!-- com.ftelscm.invimport.FtelSCM_Create_Inv_Import -->
